{"Time":"2026-07-20T09:53:25.147822+08:00","Action":"start","Package":"github.com/fluid-cloudnative/fluid/pkg/ddc/alluxio"}
{"Time":"2026-07-20T09:53:25.147948+08:00","Action":"start","Package":"github.com/fluid-cloudnative/fluid/pkg/ddc/alluxio/operations"}
{"Time":"2026-07-20T09:53:25.774153+08:00","Action":"run","Package":"github.com/fluid-cloudnative/fluid/pkg/ddc/alluxio/operations","Test":"TestVerifyF4ParseActiveWorkerCountTrailingFooter"}
{"Time":"2026-07-20T09:53:25.774246+08:00","Action":"output","Package":"github.com/fluid-cloudnative/fluid/pkg/ddc/alluxio/operations","Test":"TestVerifyF4ParseActiveWorkerCountTrailingFooter","Output":"=== RUN   TestVerifyF4ParseActiveWorkerCountTrailingFooter\n"}
{"Time":"2026-07-20T09:53:25.774262+08:00","Action":"output","Package":"github.com/fluid-cloudnative/fluid/pkg/ddc/alluxio/operations","Test":"TestVerifyF4ParseActiveWorkerCountTrailingFooter","Output":"    scaledown_verify_test.go:58: with a trailing non-indented footer line, parseActiveWorkerCount returns 3 (true count 2)\n"}
{"Time":"2026-07-20T09:53:25.774269+08:00","Action":"output","Package":"github.com/fluid-cloudnative/fluid/pkg/ddc/alluxio/operations","Test":"TestVerifyF4ParseActiveWorkerCountTrailingFooter","Output":"    scaledown_verify_test.go:60: F4 CONFIRMED (latent): a trailing footer inflates the live-worker count to 3; if `report capacity -live` emits any footer, the drain would stall until the deadline and proceed ungracefully\n"}
{"Time":"2026-07-20T09:53:25.774281+08:00","Action":"output","Package":"github.com/fluid-cloudnative/fluid/pkg/ddc/alluxio/operations","Test":"TestVerifyF4ParseActiveWorkerCountTrailingFooter","Output":"--- PASS: TestVerifyF4ParseActiveWorkerCountTrailingFooter (0.00s)\n"}
{"Time":"2026-07-20T09:53:25.774285+08:00","Action":"pass","Package":"github.com/fluid-cloudnative/fluid/pkg/ddc/alluxio/operations","Test":"TestVerifyF4ParseActiveWorkerCountTrailingFooter","Elapsed":0}
{"Time":"2026-07-20T09:53:25.774293+08:00","Action":"output","Package":"github.com/fluid-cloudnative/fluid/pkg/ddc/alluxio/operations","Output":"PASS\n"}
{"Time":"2026-07-20T09:53:25.774618+08:00","Action":"output","Package":"github.com/fluid-cloudnative/fluid/pkg/ddc/alluxio/operations","Output":"ok  \tgithub.com/fluid-cloudnative/fluid/pkg/ddc/alluxio/operations\t0.627s\n"}
{"Time":"2026-07-20T09:53:25.774635+08:00","Action":"pass","Package":"github.com/fluid-cloudnative/fluid/pkg/ddc/alluxio/operations","Elapsed":0.627}
{"Time":"2026-07-20T09:53:26.279147+08:00","Action":"output","Package":"github.com/fluid-cloudnative/fluid/pkg/ddc/alluxio","Output":"2026/07/20 09:53:26 nodeExcludeSelector is empty, no node would be excluded when syncing schedule info of runtimes\n"}
{"Time":"2026-07-20T09:53:26.279937+08:00","Action":"run","Package":"github.com/fluid-cloudnative/fluid/pkg/ddc/alluxio","Test":"TestVerifyF1E2ECannotDetectDataLoss"}
{"Time":"2026-07-20T09:53:26.279956+08:00","Action":"output","Package":"github.com/fluid-cloudnative/fluid/pkg/ddc/alluxio","Test":"TestVerifyF1E2ECannotDetectDataLoss","Output":"=== RUN   TestVerifyF1E2ECannotDetectDataLoss\n"}
{"Time":"2026-07-20T09:53:26.281952+08:00","Action":"output","Package":"github.com/fluid-cloudnative/fluid/pkg/ddc/alluxio","Test":"TestVerifyF1E2ECannotDetectDataLoss","Output":"    e2e_dataintegrity_verify_test.go:108: F1 CONFIRMED: the e2e reads UFS-backed data identically before/after scale-down with the UFS always available, so a passing read_after cannot prove graceful decommission preserved any block — an ungraceful scale-down would pass the same test. Combined with F2 (drain no-ops) and the deadline-forced ungraceful fallback, the e2e provides false confidence in the reverted-for concern.\n"}
{"Time":"2026-07-20T09:53:26.281984+08:00","Action":"output","Package":"github.com/fluid-cloudnative/fluid/pkg/ddc/alluxio","Test":"TestVerifyF1E2ECannotDetectDataLoss","Output":"--- PASS: TestVerifyF1E2ECannotDetectDataLoss (0.00s)\n"}
{"Time":"2026-07-20T09:53:26.282006+08:00","Action":"pass","Package":"github.com/fluid-cloudnative/fluid/pkg/ddc/alluxio","Test":"TestVerifyF1E2ECannotDetectDataLoss","Elapsed":0}
{"Time":"2026-07-20T09:53:26.282065+08:00","Action":"run","Package":"github.com/fluid-cloudnative/fluid/pkg/ddc/alluxio","Test":"TestVerifyF2WorkerWebPortMatchesAllocatedPort"}
{"Time":"2026-07-20T09:53:26.28207+08:00","Action":"output","Package":"github.com/fluid-cloudnative/fluid/pkg/ddc/alluxio","Test":"TestVerifyF2WorkerWebPortMatchesAllocatedPort","Output":"=== RUN   TestVerifyF2WorkerWebPortMatchesAllocatedPort\n"}
{"Time":"2026-07-20T09:53:26.282186+08:00","Action":"output","Package":"github.com/fluid-cloudnative/fluid/pkg/ddc/alluxio","Test":"TestVerifyF2WorkerWebPortMatchesAllocatedPort","Output":"    scaledown_verify_test.go:76: worker actually listens on web port 20543; getWorkerWebPort() reports 30000\n"}
{"Time":"2026-07-20T09:53:26.282196+08:00","Action":"output","Package":"github.com/fluid-cloudnative/fluid/pkg/ddc/alluxio","Test":"TestVerifyF2WorkerWebPortMatchesAllocatedPort","Output":"    scaledown_verify_test.go:78: F2 CONFIRMED: decommission would target 30000 but the worker's web port is 20543 (default host-network deployment) — graceful drain silently no-ops and scale-down degrades to ungraceful after the deadline\n"}
{"Time":"2026-07-20T09:53:26.282209+08:00","Action":"output","Package":"github.com/fluid-cloudnative/fluid/pkg/ddc/alluxio","Test":"TestVerifyF2WorkerWebPortMatchesAllocatedPort","Output":"--- FAIL: TestVerifyF2WorkerWebPortMatchesAllocatedPort (0.00s)\n"}
{"Time":"2026-07-20T09:53:26.282215+08:00","Action":"fail","Package":"github.com/fluid-cloudnative/fluid/pkg/ddc/alluxio","Test":"TestVerifyF2WorkerWebPortMatchesAllocatedPort","Elapsed":0}
{"Time":"2026-07-20T09:53:26.282219+08:00","Action":"run","Package":"github.com/fluid-cloudnative/fluid/pkg/ddc/alluxio","Test":"TestVerifyF2ContainerNetworkModeIsUnaffected"}
{"Time":"2026-07-20T09:53:26.282222+08:00","Action":"output","Package":"github.com/fluid-cloudnative/fluid/pkg/ddc/alluxio","Test":"TestVerifyF2ContainerNetworkModeIsUnaffected","Output":"=== RUN   TestVerifyF2ContainerNetworkModeIsUnaffected\n"}
{"Time":"2026-07-20T09:53:26.282227+08:00","Action":"output","Package":"github.com/fluid-cloudnative/fluid/pkg/ddc/alluxio","Test":"TestVerifyF2ContainerNetworkModeIsUnaffected","Output":"--- PASS: TestVerifyF2ContainerNetworkModeIsUnaffected (0.00s)\n"}
{"Time":"2026-07-20T09:53:26.28223+08:00","Action":"pass","Package":"github.com/fluid-cloudnative/fluid/pkg/ddc/alluxio","Test":"TestVerifyF2ContainerNetworkModeIsUnaffected","Elapsed":0}
{"Time":"2026-07-20T09:53:26.282236+08:00","Action":"output","Package":"github.com/fluid-cloudnative/fluid/pkg/ddc/alluxio","Output":"FAIL\n"}
{"Time":"2026-07-20T09:53:26.282959+08:00","Action":"output","Package":"github.com/fluid-cloudnative/fluid/pkg/ddc/alluxio","Output":"FAIL\tgithub.com/fluid-cloudnative/fluid/pkg/ddc/alluxio\t1.135s\n"}
{"Time":"2026-07-20T09:53:26.282977+08:00","Action":"fail","Package":"github.com/fluid-cloudnative/fluid/pkg/ddc/alluxio","Elapsed":1.135}
